<?xml version="1.0" encoding="UTF-8"?>
<!-- Generated by org.testng.reporters.JUnitXMLReporter -->
<testsuite ignored="0" hostname="LTIN219790" failures="0" tests="3" name="Chrome Test" time="170.25" errors="0" timestamp="2024-02-28T11:31:19 IST">
  <testcase classname="testCases.TC003_UsedCarDetails" name="testUsedCars" time="16.28"/>
  <testcase classname="testCases.TC003_UsedCarDetails" name="testWritePopularCarModel" time="6.129"/>
  <testcase classname="testCases.TC003_UsedCarDetails" name="testWriteAllPopularCarModelDetails" time="126.786"/>
</testsuite> <!-- Chrome Test -->
