<?xml version="1.0" encoding="UTF-8"?>
<testng-results ignored="0" total="3" passed="3" failed="0" skipped="0">
  <reporter-output>
  </reporter-output>
  <suite started-at="2024-02-28T11:28:29 IST" name="Suite" finished-at="2024-02-28T11:31:19 IST" duration-ms="170250">
    <groups>
    </groups>
    <test started-at="2024-02-28T11:28:29 IST" name="Chrome Test" finished-at="2024-02-28T11:31:19 IST" duration-ms="170250">
      <class name="testCases.TC003_UsedCarDetails">
        <test-method is-config="true" signature="initializeBrowser(java.lang.String)[pri:0, instance:testCases.TC003_UsedCarDetails@514646ef]" started-at="2024-02-28T11:28:29 IST" name="initializeBrowser" finished-at="2024-02-28T11:28:47 IST" duration-ms="17214" status="PASS">
          <params>
            <param index="0">
              <value>
                <![CDATA[Chrome]]>
              </value>
            </param>
          </params>
          <reporter-output>
          </reporter-output>
        </test-method> <!-- initializeBrowser -->
        <test-method signature="testUsedCars()[pri:0, instance:testCases.TC003_UsedCarDetails@514646ef]" started-at="2024-02-28T11:28:47 IST" name="testUsedCars" finished-at="2024-02-28T11:29:03 IST" duration-ms="16280" status="PASS">
          <reporter-output>
          </reporter-output>
        </test-method> <!-- testUsedCars -->
        <test-method signature="testWritePopularCarModel()[pri:1, instance:testCases.TC003_UsedCarDetails@514646ef]" started-at="2024-02-28T11:29:03 IST" name="testWritePopularCarModel" finished-at="2024-02-28T11:29:09 IST" duration-ms="6129" status="PASS">
          <reporter-output>
          </reporter-output>
        </test-method> <!-- testWritePopularCarModel -->
        <test-method signature="testWriteAllPopularCarModelDetails()[pri:2, instance:testCases.TC003_UsedCarDetails@514646ef]" started-at="2024-02-28T11:29:09 IST" name="testWriteAllPopularCarModelDetails" finished-at="2024-02-28T11:31:16 IST" duration-ms="126786" status="PASS">
          <reporter-output>
          </reporter-output>
        </test-method> <!-- testWriteAllPopularCarModelDetails -->
        <test-method is-config="true" signature="closeBrowser()[pri:0, instance:testCases.TC003_UsedCarDetails@514646ef]" started-at="2024-02-28T11:31:16 IST" name="closeBrowser" finished-at="2024-02-28T11:31:19 IST" duration-ms="3623" status="PASS">
          <reporter-output>
          </reporter-output>
        </test-method> <!-- closeBrowser -->
      </class> <!-- testCases.TC003_UsedCarDetails -->
    </test> <!-- Chrome Test -->
  </suite> <!-- Suite -->
</testng-results>
